<?xml version="1.0" encoding="UTF-8"?>
<testsuite xmlns:xsi="http://www.w3.org/2001/XMLSchema-instance" xsi:noNamespaceSchemaLocation="https://maven.apache.org/surefire/maven-failsafe-plugin/xsd/failsafe-test-report.xsd" name="nz.ac.auckland.parolee.services.ParoleeWebServiceIT" time="1.524" tests="10" errors="0" skipped="0" failures="0">
  <properties>
[...]
</properties>
  <testcase name="queryParoleeMovements" classname="nz.ac.auckland.parolee.services.ParoleeWebServiceIT" time="0.444"/>
  <testcase name="addParoleeMovement" classname="nz.ac.auckland.parolee.services.ParoleeWebServiceIT" time="0.105"/>
  <testcase name="updateCriminalProfile" classname="nz.ac.auckland.parolee.services.ParoleeWebServiceIT" time="0.04"/>
  <testcase name="queryParolee" classname="nz.ac.auckland.parolee.services.ParoleeWebServiceIT" time="0.016"/>
  <testcase name="addParolee" classname="nz.ac.auckland.parolee.services.ParoleeWebServiceIT" time="0.024"/>
  <testcase name="queryAllParoleesUsingHATEOAS" classname="nz.ac.auckland.parolee.services.ParoleeWebServiceIT" time="0.04"/>
  <testcase name="queryAllParolees" classname="nz.ac.auckland.parolee.services.ParoleeWebServiceIT" time="0.032"/>
  <testcase name="queryParoleeWithResponse" classname="nz.ac.auckland.parolee.services.ParoleeWebServiceIT" time="0.019"/>
  <testcase name="updateParolee" classname="nz.ac.auckland.parolee.services.ParoleeWebServiceIT" time="0.025"/>
  <testcase name="updateDissassociates" classname="nz.ac.auckland.parolee.services.ParoleeWebServiceIT" time="0.06"/>
</testsuite>